<joblist>
    <job>
        <uuid>api-v5-test-exec-query</uuid>
        <name>test exec query</name>
        <group>api-test/execquery</group>
        <description>A job to test the executions query API</description>
        <loglevel>INFO</loglevel>
        <context>
            <project>xml-project-name</project>
            <options>
                <option name="opt1" value="testvalue" required="true"/>
                <option name="opt2" values="a,b,c" required="true"/>
            </options>
        </context>
        <dispatch>
            <threadcount>1</threadcount>
            <keepgoing>true</keepgoing>
        </dispatch>
        <sequence>
            <command>
                <exec>xml-args</exec>
            </command>
        </sequence>
    </job>
</joblist>