<!--
  ~ Copyright 2016 SimplifyOps, Inc. (http://simplifyops.com)
  ~
  ~ Licensed under the Apache License, Version 2.0 (the "License");
  ~ you may not use this file except in compliance with the License.
  ~ You may obtain a copy of the License at
  ~
  ~     http://www.apache.org/licenses/LICENSE-2.0
  ~
  ~ Unless required by applicable law or agreed to in writing, software
  ~ distributed under the License is distributed on an "AS IS" BASIS,
  ~ WITHOUT WARRANTIES OR CONDITIONS OF ANY KIND, either express or implied.
  ~ See the License for the specific language governing permissions and
  ~ limitations under the License.
  -->

<project>
  <node name="testnode1"  description="this is the testnode1 node" tags="boring,priority1"
        hostname="localhost"
        osArch="i386"
        osFamily="unix"
        osName="Mac OS X"
        osVersion="10.5.1"
        username="username1"
      >

  </node>
  <node name="testnode2"  description=" registered Node asdf" tags="boring"
        hostname="testnode2"
        osArch="x86"
        osFamily="windows"
        osName="Windows XP"
        osVersion="5.1"
      >

  </node>
</project>
