<!--
  ~ Copyright 2010 DTO Labs, Inc. (http://dtolabs.com)
  ~
  ~  Licensed under the Apache License, Version 2.0 (the "License");
  ~  you may not use this file except in compliance with the License.
  ~  You may obtain a copy of the License at
  ~
  ~      http://www.apache.org/licenses/LICENSE-2.0
  ~
  ~  Unless required by applicable law or agreed to in writing, software
  ~  distributed under the License is distributed on an "AS IS" BASIS,
  ~  WITHOUT WARRANTIES OR CONDITIONS OF ANY KIND, either express or implied.
  ~  See the License for the specific language governing permissions and
  ~  limitations under the License.
  -->

<project>
  <node name="node1" description="description1" tags="tag1,tag2"
        hostname="hostname1"
        osName="osName1"
        osFamily="osFamily1"
        osArch="osArch1"
        osVersion="osVersion1"
        username="username1"
        editUrl="EditURL"
        remoteUrl="RemoteURL"
        testattribute="testvalue"
      >
    <attribute name="testattribute2" value="test value2"/>
    <attribute name="testattribute3">test value3</attribute>
  </node>
</project>